0 info it worked if it ends with ok
1 verbose cli [ 'node', '/usr/local/bin/npm', 'publish' ]
2 info using npm@1.3.15
3 info using node@v0.10.22
4 verbose publish [ '.' ]
5 verbose cache add [ '.', null ]
6 verbose cache add name=undefined spec="." args=[".",null]
7 verbose parsed url { protocol: null,
7 verbose parsed url   slashes: null,
7 verbose parsed url   auth: null,
7 verbose parsed url   host: null,
7 verbose parsed url   port: null,
7 verbose parsed url   hostname: null,
7 verbose parsed url   hash: null,
7 verbose parsed url   search: null,
7 verbose parsed url   query: null,
7 verbose parsed url   pathname: '.',
7 verbose parsed url   path: '.',
7 verbose parsed url   href: '.' }
8 silly lockFile 3a52ce78- .
9 verbose lock . /Users/iamblue/.npm/3a52ce78-.lock
10 verbose tar pack [ '/var/folders/31/cfjhjycj7bv9rpbxblnx483h0000gn/T/npm-700-mAQtw7Jb/1391865825172-0.7920701829716563/tmp.tgz',
10 verbose tar pack   '.' ]
11 verbose tarball /var/folders/31/cfjhjycj7bv9rpbxblnx483h0000gn/T/npm-700-mAQtw7Jb/1391865825172-0.7920701829716563/tmp.tgz
12 verbose folder .
13 info prepublish yougulp@0.0.5
14 silly lockFile 1f1177db-tar tar://.
15 verbose lock tar://. /Users/iamblue/.npm/1f1177db-tar.lock
16 silly lockFile b428e0f0-25172-0-7920701829716563-tmp-tgz tar:///var/folders/31/cfjhjycj7bv9rpbxblnx483h0000gn/T/npm-700-mAQtw7Jb/1391865825172-0.7920701829716563/tmp.tgz
17 verbose lock tar:///var/folders/31/cfjhjycj7bv9rpbxblnx483h0000gn/T/npm-700-mAQtw7Jb/1391865825172-0.7920701829716563/tmp.tgz /Users/iamblue/.npm/b428e0f0-25172-0-7920701829716563-tmp-tgz.lock
18 silly lockFile 1f1177db-tar tar://.
19 silly lockFile 1f1177db-tar tar://.
20 silly lockFile b428e0f0-25172-0-7920701829716563-tmp-tgz tar:///var/folders/31/cfjhjycj7bv9rpbxblnx483h0000gn/T/npm-700-mAQtw7Jb/1391865825172-0.7920701829716563/tmp.tgz
21 silly lockFile b428e0f0-25172-0-7920701829716563-tmp-tgz tar:///var/folders/31/cfjhjycj7bv9rpbxblnx483h0000gn/T/npm-700-mAQtw7Jb/1391865825172-0.7920701829716563/tmp.tgz
22 verbose tar unpack /var/folders/31/cfjhjycj7bv9rpbxblnx483h0000gn/T/npm-700-mAQtw7Jb/1391865825172-0.7920701829716563/tmp.tgz
23 silly lockFile 8159a0e3-25172-0-7920701829716563-package tar:///var/folders/31/cfjhjycj7bv9rpbxblnx483h0000gn/T/npm-700-mAQtw7Jb/1391865825172-0.7920701829716563/package
24 verbose lock tar:///var/folders/31/cfjhjycj7bv9rpbxblnx483h0000gn/T/npm-700-mAQtw7Jb/1391865825172-0.7920701829716563/package /Users/iamblue/.npm/8159a0e3-25172-0-7920701829716563-package.lock
25 silly lockFile b428e0f0-25172-0-7920701829716563-tmp-tgz tar:///var/folders/31/cfjhjycj7bv9rpbxblnx483h0000gn/T/npm-700-mAQtw7Jb/1391865825172-0.7920701829716563/tmp.tgz
26 verbose lock tar:///var/folders/31/cfjhjycj7bv9rpbxblnx483h0000gn/T/npm-700-mAQtw7Jb/1391865825172-0.7920701829716563/tmp.tgz /Users/iamblue/.npm/b428e0f0-25172-0-7920701829716563-tmp-tgz.lock
27 silly gunzTarPerm modes [ '755', '644' ]
28 silly gunzTarPerm extractEntry package.json
29 silly gunzTarPerm extractEntry .npmignore
30 silly gunzTarPerm extractEntry README.md
31 silly gunzTarPerm extractEntry index.js
32 silly gunzTarPerm extractEntry templates/package.json
33 silly gunzTarPerm extractEntry templates/app/index.html
34 silly gunzTarPerm extractEntry templates/app.ls
35 silly gunzTarPerm extractEntry templates/bower.json
36 silly gunzTarPerm extractEntry templates/gulpfile.ls
37 silly lockFile 8159a0e3-25172-0-7920701829716563-package tar:///var/folders/31/cfjhjycj7bv9rpbxblnx483h0000gn/T/npm-700-mAQtw7Jb/1391865825172-0.7920701829716563/package
38 silly lockFile 8159a0e3-25172-0-7920701829716563-package tar:///var/folders/31/cfjhjycj7bv9rpbxblnx483h0000gn/T/npm-700-mAQtw7Jb/1391865825172-0.7920701829716563/package
39 silly lockFile b428e0f0-25172-0-7920701829716563-tmp-tgz tar:///var/folders/31/cfjhjycj7bv9rpbxblnx483h0000gn/T/npm-700-mAQtw7Jb/1391865825172-0.7920701829716563/tmp.tgz
40 silly lockFile b428e0f0-25172-0-7920701829716563-tmp-tgz tar:///var/folders/31/cfjhjycj7bv9rpbxblnx483h0000gn/T/npm-700-mAQtw7Jb/1391865825172-0.7920701829716563/tmp.tgz
41 verbose tar pack [ '/Users/iamblue/.npm/yougulp/0.0.5/package.tgz',
41 verbose tar pack   '/var/folders/31/cfjhjycj7bv9rpbxblnx483h0000gn/T/npm-700-mAQtw7Jb/1391865825172-0.7920701829716563/package' ]
42 verbose tarball /Users/iamblue/.npm/yougulp/0.0.5/package.tgz
43 verbose folder /var/folders/31/cfjhjycj7bv9rpbxblnx483h0000gn/T/npm-700-mAQtw7Jb/1391865825172-0.7920701829716563/package
44 silly lockFile 8159a0e3-25172-0-7920701829716563-package tar:///var/folders/31/cfjhjycj7bv9rpbxblnx483h0000gn/T/npm-700-mAQtw7Jb/1391865825172-0.7920701829716563/package
45 verbose lock tar:///var/folders/31/cfjhjycj7bv9rpbxblnx483h0000gn/T/npm-700-mAQtw7Jb/1391865825172-0.7920701829716563/package /Users/iamblue/.npm/8159a0e3-25172-0-7920701829716563-package.lock
46 silly lockFile c586ae9a-ue-npm-yougulp-0-0-5-package-tgz tar:///Users/iamblue/.npm/yougulp/0.0.5/package.tgz
47 verbose lock tar:///Users/iamblue/.npm/yougulp/0.0.5/package.tgz /Users/iamblue/.npm/c586ae9a-ue-npm-yougulp-0-0-5-package-tgz.lock
48 silly lockFile 8159a0e3-25172-0-7920701829716563-package tar:///var/folders/31/cfjhjycj7bv9rpbxblnx483h0000gn/T/npm-700-mAQtw7Jb/1391865825172-0.7920701829716563/package
49 silly lockFile 8159a0e3-25172-0-7920701829716563-package tar:///var/folders/31/cfjhjycj7bv9rpbxblnx483h0000gn/T/npm-700-mAQtw7Jb/1391865825172-0.7920701829716563/package
50 silly lockFile c586ae9a-ue-npm-yougulp-0-0-5-package-tgz tar:///Users/iamblue/.npm/yougulp/0.0.5/package.tgz
51 silly lockFile c586ae9a-ue-npm-yougulp-0-0-5-package-tgz tar:///Users/iamblue/.npm/yougulp/0.0.5/package.tgz
52 silly lockFile 31e1581a-amblue-npm-yougulp-0-0-5-package /Users/iamblue/.npm/yougulp/0.0.5/package
53 verbose lock /Users/iamblue/.npm/yougulp/0.0.5/package /Users/iamblue/.npm/31e1581a-amblue-npm-yougulp-0-0-5-package.lock
54 silly lockFile 31e1581a-amblue-npm-yougulp-0-0-5-package /Users/iamblue/.npm/yougulp/0.0.5/package
55 silly lockFile 31e1581a-amblue-npm-yougulp-0-0-5-package /Users/iamblue/.npm/yougulp/0.0.5/package
56 verbose tar unpack /Users/iamblue/.npm/yougulp/0.0.5/package.tgz
57 silly lockFile e86c4436-amblue-npm-yougulp-0-0-5-package tar:///Users/iamblue/.npm/yougulp/0.0.5/package
58 verbose lock tar:///Users/iamblue/.npm/yougulp/0.0.5/package /Users/iamblue/.npm/e86c4436-amblue-npm-yougulp-0-0-5-package.lock
59 silly lockFile c586ae9a-ue-npm-yougulp-0-0-5-package-tgz tar:///Users/iamblue/.npm/yougulp/0.0.5/package.tgz
60 verbose lock tar:///Users/iamblue/.npm/yougulp/0.0.5/package.tgz /Users/iamblue/.npm/c586ae9a-ue-npm-yougulp-0-0-5-package-tgz.lock
61 silly gunzTarPerm modes [ '755', '644' ]
62 silly gunzTarPerm extractEntry package.json
63 silly gunzTarPerm extractEntry .npmignore
64 silly gunzTarPerm extractEntry README.md
65 silly gunzTarPerm extractEntry index.js
66 silly gunzTarPerm extractEntry templates/package.json
67 silly gunzTarPerm extractEntry templates/app/index.html
68 silly gunzTarPerm extractEntry templates/app.ls
69 silly gunzTarPerm extractEntry templates/bower.json
70 silly gunzTarPerm extractEntry templates/gulpfile.ls
71 silly lockFile e86c4436-amblue-npm-yougulp-0-0-5-package tar:///Users/iamblue/.npm/yougulp/0.0.5/package
72 silly lockFile e86c4436-amblue-npm-yougulp-0-0-5-package tar:///Users/iamblue/.npm/yougulp/0.0.5/package
73 silly lockFile c586ae9a-ue-npm-yougulp-0-0-5-package-tgz tar:///Users/iamblue/.npm/yougulp/0.0.5/package.tgz
74 silly lockFile c586ae9a-ue-npm-yougulp-0-0-5-package-tgz tar:///Users/iamblue/.npm/yougulp/0.0.5/package.tgz
75 verbose chmod /Users/iamblue/.npm/yougulp/0.0.5/package.tgz 644
76 verbose chown /Users/iamblue/.npm/yougulp/0.0.5/package.tgz [ 501, 20 ]
77 silly lockFile 3a52ce78- .
78 silly lockFile 3a52ce78- .
79 silly publish { name: 'yougulp',
79 silly publish   version: '0.0.5',
79 silly publish   description: 'yougulp',
79 silly publish   main: 'index.js',
79 silly publish   dependencies: {},
79 silly publish   devDependencies: {},
79 silly publish   scripts: { test: 'echo "Error: no test specified" && exit 1' },
79 silly publish   repository: { type: 'git', url: 'https://github.com/youmeb/yougulp.git' },
79 silly publish   keywords: [ 'youmeb-package' ],
79 silly publish   author: { name: 'Po-Ju Chen', email: 'tonyone0902@gmail.com' },
79 silly publish   license: 'MIT',
79 silly publish   bugs: { url: 'https://github.com/youmeb/yougulp/issues' },
79 silly publish   readme: 'Yougulp\n================\n\n## License\n\n(The MIT License)\n\nCopyright (c) 2013 YouMeb and contributors.\n',
79 silly publish   readmeFilename: 'README.md',
79 silly publish   homepage: 'https://github.com/youmeb/yougulp',
79 silly publish   _id: 'yougulp@0.0.5',
79 silly publish   dist: { shasum: '00e09391ab77634604903b1f9974b926663e0bb0' },
79 silly publish   _from: '.' }
80 verbose url raw yougulp
81 verbose url resolving [ 'https://registry.npmjs.org/', './yougulp' ]
82 verbose url resolved https://registry.npmjs.org/yougulp
83 info trying registry request attempt 1 at 21:23:45
84 http PUT https://registry.npmjs.org/yougulp
85 http 409 https://registry.npmjs.org/yougulp
86 verbose url raw yougulp
87 verbose url resolving [ 'https://registry.npmjs.org/', './yougulp' ]
88 verbose url resolved https://registry.npmjs.org/yougulp
89 info trying registry request attempt 1 at 21:23:47
90 http GET https://registry.npmjs.org/yougulp
91 http 200 https://registry.npmjs.org/yougulp
92 error publish fail Cannot publish over existing version.
92 error publish fail Update the 'version' field in package.json and try again.
92 error publish fail
92 error publish fail If the previous version was published in error, see:
92 error publish fail     npm help unpublish
92 error publish fail
92 error publish fail To automatically increment version numbers, see:
92 error publish fail     npm help version
93 error System Darwin 13.0.2
94 error command "node" "/usr/local/bin/npm" "publish"
95 error cwd /Users/iamblue/github/yougulp
96 error node -v v0.10.22
97 error npm -v 1.3.15
98 error code EPUBLISHCONFLICT
99 verbose exit [ 1, true ]
